<?xml version="1.0" encoding="UTF-8"?>
<!-- Generated by org.testng.reporters.JUnitReportReporter -->
<testsuite hostname="arjuntyagi-pc" failures="0" tests="1" name="Packagetwo.classoneofpacktwo" time="0.010" errors="0" timestamp="2020-10-04T10:06:40 IST" skipped="0">
  <testcase classname="Packagetwo.classoneofpacktwo" name="methodonectwopatwo" time="0.010"/>
  <system-out/>
</testsuite> <!-- Packagetwo.classoneofpacktwo -->
