<?xml version="1.0" encoding="UTF-8"?>
<!-- Generated by org.testng.reporters.JUnitReportReporter -->
<testsuite hostname="arjuntyagi-pc" failures="0" tests="1" name="pp.classone" time="0.009" errors="0" timestamp="2020-10-04T09:32:08 IST" skipped="0">
  <testcase classname="pp.classone" name="happy" time="0.009"/>
  <system-out/>
</testsuite> <!-- pp.classone -->
