<?xml version="1.0" encoding="UTF-8"?>
<!-- Generated by org.testng.reporters.JUnitReportReporter -->
<testsuite hostname="arjuntyagi-pc" failures="0" tests="3" name="Datapac.Datapacclass" time="0.013" errors="0" timestamp="2021-02-21T22:02:19 IST" skipped="0">
  <testcase classname="Datapac.Datapacclass" name="meth3" time="0.011"/>
  <system-out/>
  <testcase classname="Datapac.Datapacclass" name="meth" time="0.001"/>
  <system-out/>
  <testcase classname="Datapac.Datapacclass" name="meth2" time="0.001"/>
  <system-out/>
</testsuite> <!-- Datapac.Datapacclass -->
