<?xml version="1.0" encoding="UTF-8"?>
<!-- Generated by org.testng.reporters.JUnitReportReporter -->
<testsuite hostname="arjuntyagi-pc" failures="0" tests="2" name="Datapac.dataprovoder" time="0.009" errors="0" timestamp="2021-02-21T21:43:28 IST" skipped="0">
  <testcase classname="Datapac.dataprovoder" name="kk" time="0.007"/>
  <system-out/>
  <testcase classname="Datapac.dataprovoder" name="kk" time="0.002"/>
  <system-out/>
</testsuite> <!-- Datapac.dataprovoder -->
