<?xml version="1.0" encoding="UTF-8"?>
<!-- Generated by org.testng.reporters.JUnitReportReporter -->
<testsuite hostname="arjuntyagi-pc" failures="0" tests="1" name="PromoTest.promtest" time="39.727" errors="0" timestamp="2021-03-02T16:29:39 IST" skipped="0">
  <testcase classname="PromoTest.promtest" name="prom" time="39.727"/>
  <system-out/>
</testsuite> <!-- PromoTest.promtest -->
