<?xml version="1.0" encoding="UTF-8"?>
<!-- Generated by org.testng.reporters.JUnitReportReporter -->
<testsuite hostname="arjuntyagi-pc" failures="0" tests="1" name="PromoTest.clone" time="6.921" errors="0" timestamp="2021-01-16T12:28:58 IST" skipped="0">
  <testcase classname="PromoTest.clone" name="abs" time="6.921"/>
  <system-out/>
</testsuite> <!-- PromoTest.clone -->
