<?xml version="1.0" encoding="UTF-8"?>
<!-- Generated by org.testng.reporters.JUnitReportReporter -->
<testsuite hostname="arjuntyagi-pc" failures="0" tests="2" name="PromoTest.aa" time="0.488" errors="0" timestamp="2021-01-19T15:47:47 IST" skipped="0">
  <testcase classname="PromoTest.aa" name="met1" time="0.287"/>
  <system-out/>
  <testcase classname="PromoTest.aa" name="met2" time="0.201"/>
  <system-out/>
</testsuite> <!-- PromoTest.aa -->
