<?xml version="1.0" encoding="UTF-8"?>
<!-- Generated by org.testng.reporters.JUnitReportReporter -->
<testsuite hostname="arjuntyagi-pc" failures="0" tests="1" name="packtwo.OneTest" time="0.016" errors="0" timestamp="2020-11-16T18:41:05 IST" skipped="0">
  <testcase classname="packtwo.OneTest" name="happy" time="0.016"/>
  <system-out/>
</testsuite> <!-- packtwo.OneTest -->
