<?xml version="1.0" encoding="UTF-8"?>
<!-- Generated by org.testng.reporters.JUnitReportReporter -->
<testsuite hostname="arjuntyagi-pc" failures="0" tests="1" name="TestCases.TC_001_Keydeletion" time="2.395" errors="0" timestamp="01 Apr 2021 11:21:45 GMT" skipped="0">
  <testcase classname="TestCases.TC_001_Keydeletion" name="mm" time="2.395"/>
</testsuite> <!-- TestCases.TC_001_Keydeletion -->
