<?xml version="1.0" encoding="UTF-8"?>
<!-- Generated by org.testng.reporters.JUnitReportReporter -->
<testsuite hostname="arjuntyagi-pc" failures="0" tests="1" name="TestCases.Login" time="2.146" errors="0" timestamp="31 Mar 2021 19:00:04 GMT" skipped="0">
  <testcase classname="TestCases.Login" name="reg" time="2.146"/>
</testsuite> <!-- TestCases.Login -->
